## [2023-07-31 15:07:07] Request #######################################

GET /feeds/discussions.rss HTTP/1.1
Host: www.litecart.net
User-Agent: LiteCart/2.5.4
Content-Length: 0
Connection: Close



## [2023-07-31 15:07:09] Response — 9259 bytes transferred in 1.449 s ##

HTTP/1.1 200 OK
Connection: close
set-cookie: LCSESSID=g2hm9dksjdhihii8aa4j998i9q; path=/; SameSite=Lax; secure
expires: Thu, 19 Nov 1981 08:52:00 GMT
cache-control: no-store, no-cache, must-revalidate
pragma: no-cache
x-frame-options: SAMEORIGIN
content-security-policy: frame-ancestors 'self';
access-control-allow-origin: https://www.litecart.net/en/
x-powered-by: LiteCart.net
content-type: application/rss+xml; charset=utf-8
content-length: 8560
date: Mon, 31 Jul 2023 09:37:10 GMT
server: LiteSpeed
alt-svc: h3=":443"; ma=2592000, h3-29=":443"; ma=2592000, h3-Q050=":443"; ma=2592000, h3-Q046=":443"; ma=2592000, h3-Q043=":443"; ma=2592000, quic=":443"; ma=2592000; v="43,46"

<?xml version="1.0" encoding="utf-8" ?>
<rss version="2.0">
  <channel>
    <title>LiteCart Forum Discussions</title>
    <link>https://www.litecart.net/forums/index</link>
    <description>The most recent forum activity.</description>
    <language>en</language>
    <item>
      <category><![CDATA[Errors and Troubleshooting]]></category>
      <title><![CDATA[BOOT robots crashes on the LC cms]]></title>
      <link>https://www.litecart.net/en/forums/15/errors-and-troubleshooting/19677/boot-robots-crashes-on-the-lc-cms</link>
      <description></description>
      <author><![CDATA[fritz]]></author>
      <pubDate>Mon, 31 Jul 2023 05:28:21 +0000</pubDate>
    </item>
    <item>
      <category><![CDATA[Add-ons]]></category>
      <title><![CDATA[How can I add more properties to a customer profile?]]></title>
      <link>https://www.litecart.net/en/forums/7/add-ons/19613/how-can-i-add-more-properties-to-a-customer-profile</link>
      <description></description>
      <author><![CDATA[mishochu]]></author>
      <pubDate>Sun, 30 Jul 2023 15:42:55 +0000</pubDate>
    </item>
    <item>
      <category><![CDATA[Installation and Configuration]]></category>
      <title><![CDATA[Trouble getting the lead box to work.]]></title>
      <link>https://www.litecart.net/en/forums/3/installation-and-configuration/19671/trouble-getting-the-lead-box-to-work</link>
      <description></description>
      <author><![CDATA[mmwfrank]]></author>
      <pubDate>Thu, 27 Jul 2023 14:50:45 +0000</pubDate>
    </item>
    <item>
      <category><![CDATA[Installation and Configuration]]></category>
      <title><![CDATA[How do I change the store directory?]]></title>
      <link>https://www.litecart.net/en/forums/3/installation-and-configuration/19656/how-do-i-change-the-store-directory</link>
      <description></description>
      <author><![CDATA[zara]]></author>
      <pubDate>Sat, 22 Jul 2023 04:00:26 +0000</pubDate>
    </item>
    <item>
      <category><![CDATA[General Discussions]]></category>
      <title><![CDATA[How and where to change replace forms]]></title>
      <link>https://www.litecart.net/en/forums/2/general-discussions/19667/how-and-where-to-change-replace-forms</link>
      <description></description>
      <author><![CDATA[gocharly]]></author>
      <pubDate>Wed, 19 Jul 2023 11:12:18 +0000</pubDate>
    </item>
    <item>
      <category><![CDATA[General Discussions]]></category>
      <title><![CDATA[How and where to change replace forms?]]></title>
      <link>https://www.litecart.net/en/forums/2/general-discussions/19666/how-and-where-to-change-replace-forms</link>
      <description></description>
      <author><![CDATA[gocharly]]></author>
      <pubDate>Wed, 19 Jul 2023 08:28:37 +0000</pubDate>
    </item>
    <item>
      <category><![CDATA[Add-ons]]></category>
      <title><![CDATA[Perfect theme !! but i have few questions about this theme.]]></title>
      <link>https://www.litecart.net/en/forums/7/add-ons/18979/perfect-theme-but-i-have-few-questions-about-this-theme</link>
      <description></description>
      <author><![CDATA[yesannem]]></author>
      <pubDate>Tue, 18 Jul 2023 16:48:12 +0000</pubDate>
    </item>
    <item>
      <category><![CDATA[Add-ons]]></category>
      <title><![CDATA[ISSUE with mobile version:  in product page can't scroll down.]]></title>
      <link>https://www.litecart.net/en/forums/7/add-ons/19445/issue-with-mobile-version-in-product-page-can-t-scroll-down</link>
      <description></description>
      <author><![CDATA[yesannem]]></author>
      <pubDate>Tue, 18 Jul 2023 16:09:26 +0000</pubDate>
    </item>
    <item>
      <category><![CDATA[General Discussions]]></category>
      <title><![CDATA[Generate and send printable order copy]]></title>
      <link>https://www.litecart.net/en/forums/2/general-discussions/3458/generate-and-send-printable-order-copy</link>
      <description></description>
      <author><![CDATA[user1725]]></author>
      <pubDate>Tue, 18 Jul 2023 05:44:35 +0000</pubDate>
    </item>
    <item>
      <category><![CDATA[Add-ons]]></category>
      <title><![CDATA[Must i approve the Reviews]]></title>
      <link>https://www.litecart.net/en/forums/7/add-ons/19649/must-i-approve-the-reviews</link>
      <description></description>
      <author><![CDATA[blixten19]]></author>
      <pubDate>Mon, 17 Jul 2023 11:03:39 +0000</pubDate>
    </item>
    <item>
      <category><![CDATA[Installation and Configuration]]></category>
      <title><![CDATA[Better Price buying more]]></title>
      <link>https://www.litecart.net/en/forums/3/installation-and-configuration/19646/better-price-buying-more</link>
      <description></description>
      <author><![CDATA[blixten19]]></author>
      <pubDate>Mon, 17 Jul 2023 10:41:19 +0000</pubDate>
    </item>
    <item>
      <category><![CDATA[Add-ons]]></category>
      <title><![CDATA[Demo of this template]]></title>
      <link>https://www.litecart.net/en/forums/7/add-ons/19643/demo-of-this-template</link>
      <description></description>
      <author><![CDATA[blixten19]]></author>
      <pubDate>Mon, 17 Jul 2023 08:43:04 +0000</pubDate>
    </item>
    <item>
      <category><![CDATA[General Discussions]]></category>
      <title><![CDATA[Hide price when 0 and replace with contact form]]></title>
      <link>https://www.litecart.net/en/forums/2/general-discussions/18912/hide-price-when-0-and-replace-with-contact-form</link>
      <description></description>
      <author><![CDATA[zara]]></author>
      <pubDate>Mon, 17 Jul 2023 07:49:27 +0000</pubDate>
    </item>
    <item>
      <category><![CDATA[Errors and Troubleshooting]]></category>
      <title><![CDATA[Too many products breaks Printable Order Copy page]]></title>
      <link>https://www.litecart.net/en/forums/15/errors-and-troubleshooting/10197/too-many-products-breaks-printable-order-copy-page</link>
      <description></description>
      <author><![CDATA[label]]></author>
      <pubDate>Sat, 15 Jul 2023 09:19:02 +0000</pubDate>
    </item>
    <item>
      <category><![CDATA[Errors and Troubleshooting]]></category>
      <title><![CDATA[Problem with "Add product" option]]></title>
      <link>https://www.litecart.net/en/forums/15/errors-and-troubleshooting/19606/problem-with-add-product-option</link>
      <description></description>
      <author><![CDATA[yesannem]]></author>
      <pubDate>Sat, 15 Jul 2023 08:22:06 +0000</pubDate>
    </item>
    <item>
      <category><![CDATA[Errors and Troubleshooting]]></category>
      <title><![CDATA[Order Module function before_process() Does Not Exist]]></title>
      <link>https://www.litecart.net/en/forums/15/errors-and-troubleshooting/19520/order-module-function-before-process-does-not-exist</link>
      <description></description>
      <author><![CDATA[thelite]]></author>
      <pubDate>Tue, 11 Jul 2023 19:34:16 +0000</pubDate>
    </item>
    <item>
      <category><![CDATA[Errors and Troubleshooting]]></category>
      <title><![CDATA[Missing Translation in Password reset]]></title>
      <link>https://www.litecart.net/en/forums/15/errors-and-troubleshooting/19608/missing-translation-in-password-reset</link>
      <description></description>
      <author><![CDATA[stefantrier]]></author>
      <pubDate>Tue, 11 Jul 2023 14:26:26 +0000</pubDate>
    </item>
    <item>
      <category><![CDATA[Installation and Configuration]]></category>
      <title><![CDATA[How can i disable client registration?]]></title>
      <link>https://www.litecart.net/en/forums/3/installation-and-configuration/19610/how-can-i-disable-client-registration</link>
      <description></description>
      <author><![CDATA[cohesion]]></author>
      <pubDate>Tue, 11 Jul 2023 09:55:11 +0000</pubDate>
    </item>
    <item>
      <category><![CDATA[Errors and Troubleshooting]]></category>
      <title><![CDATA[Problem displaying the control panel]]></title>
      <link>https://www.litecart.net/en/forums/15/errors-and-troubleshooting/19576/problem-displaying-the-control-panel</link>
      <description></description>
      <author><![CDATA[black1store]]></author>
      <pubDate>Fri, 07 Jul 2023 15:10:56 +0000</pubDate>
    </item>
    <item>
      <category><![CDATA[Add-ons]]></category>
      <title><![CDATA[Why can i not use this on latest lc]]></title>
      <link>https://www.litecart.net/en/forums/7/add-ons/19541/why-can-i-not-use-this-on-latest-lc</link>
      <description></description>
      <author><![CDATA[blixten19]]></author>
      <pubDate>Fri, 07 Jul 2023 09:35:39 +0000</pubDate>
    </item>
  </channel>
</rss>
